<?xml version="1.0" encoding="UTF-8"?>
<testng-results skipped="0" failed="0" ignored="0" total="1" passed="1">
  <reporter-output>
  </reporter-output>
  <suite name="Default suite" duration-ms="2381" started-at="2019-09-28T21:14:09Z" finished-at="2019-09-28T21:14:11Z">
    <groups>
    </groups>
    <test name="Default test" duration-ms="2381" started-at="2019-09-28T21:14:09Z" finished-at="2019-09-28T21:14:11Z">
      <class name="restAssuredAPI_1.OpenWheather">
        <test-method status="PASS" signature="testresponseCode()[pri:0, instance:restAssuredAPI_1.OpenWheather@cc285f4]" name="testresponseCode" duration-ms="2339" started-at="2019-09-28T21:14:09Z" finished-at="2019-09-28T21:14:11Z">
          <reporter-output>
          </reporter-output>
        </test-method> <!-- testresponseCode -->
      </class> <!-- restAssuredAPI_1.OpenWheather -->
    </test> <!-- Default test -->
  </suite> <!-- Default suite -->
</testng-results>
